#! /usr/local/bin/vvp
:ivl_version "11.0 (devel)" "(s20150603-737-gdf38460d)";
:ivl_delay_selection "TYPICAL";
:vpi_time_precision - 12;
:vpi_module "system";
:vpi_module "vhdl_sys";
:vpi_module "vhdl_textio";
:vpi_module "v2005_math";
:vpi_module "va_math";
:vpi_module "v2009";
S_0x559a5e621e50 .scope package, "$unit" "$unit" 2 1;
 .timescale 0 0;
S_0x559a5e621fe0 .scope module, "rom_tb" "rom_tb" 3 26;
 .timescale -9 -12;
v0x559a5e635230_0 .var "add", 3 0;
v0x559a5e6352f0_0 .net "out", 5 0, L_0x559a5e635650;  1 drivers
S_0x559a5e610540 .scope module, "rom0" "rom" 3 31, 3 6 0, S_0x559a5e621fe0;
 .timescale -9 -12;
    .port_info 0 /INPUT 4 "add";
    .port_info 1 /OUTPUT 6 "out";
L_0x559a5e635650 .functor BUFZ 6, L_0x559a5e6353c0, C4<000000>, C4<000000>, C4<000000>;
v0x559a5e610720_0 .net *"_ivl_0", 5 0, L_0x559a5e6353c0;  1 drivers
v0x559a5e634d60_0 .net *"_ivl_2", 4 0, L_0x559a5e6354c0;  1 drivers
L_0x7f908c943018 .functor BUFT 1, C4<0>, C4<0>, C4<0>, C4<0>;
v0x559a5e634e40_0 .net *"_ivl_5", 0 0, L_0x7f908c943018;  1 drivers
v0x559a5e634f00_0 .net "add", 3 0, v0x559a5e635230_0;  1 drivers
v0x559a5e634fe0_0 .net "out", 5 0, L_0x559a5e635650;  alias, 1 drivers
v0x559a5e635110 .array "rom", 0 9, 5 0;
L_0x559a5e6353c0 .array/port v0x559a5e635110, L_0x559a5e6354c0;
L_0x559a5e6354c0 .concat [ 4 1 0 0], v0x559a5e635230_0, L_0x7f908c943018;
    .scope S_0x559a5e610540;
T_0 ;
    %vpi_call/w 3 16 "$readmemb", "data.bin", v0x559a5e635110, 32'sb00000000000000000000000000000000, 32'sb00000000000000000000000000001001 {0 0 0};
    %end;
    .thread T_0;
    .scope S_0x559a5e621fe0;
T_1 ;
    %vpi_call/w 3 38 "$dumpfile", "dump.vcd" {0 0 0};
    %vpi_call/w 3 39 "$dumpvars" {0 0 0};
    %pushi/vec4 0, 0, 4;
    %store/vec4 v0x559a5e635230_0, 0, 4;
    %delay 1000, 0;
    %pushi/vec4 1, 0, 4;
    %store/vec4 v0x559a5e635230_0, 0, 4;
    %delay 1000, 0;
    %pushi/vec4 2, 0, 4;
    %store/vec4 v0x559a5e635230_0, 0, 4;
    %delay 1000, 0;
    %pushi/vec4 3, 0, 4;
    %store/vec4 v0x559a5e635230_0, 0, 4;
    %delay 1000, 0;
    %pushi/vec4 4, 0, 4;
    %store/vec4 v0x559a5e635230_0, 0, 4;
    %delay 1000, 0;
    %pushi/vec4 5, 0, 4;
    %store/vec4 v0x559a5e635230_0, 0, 4;
    %delay 1000, 0;
    %pushi/vec4 6, 0, 4;
    %store/vec4 v0x559a5e635230_0, 0, 4;
    %delay 1000, 0;
    %pushi/vec4 7, 0, 4;
    %store/vec4 v0x559a5e635230_0, 0, 4;
    %delay 1000, 0;
    %pushi/vec4 8, 0, 4;
    %store/vec4 v0x559a5e635230_0, 0, 4;
    %delay 1000, 0;
    %pushi/vec4 9, 0, 4;
    %store/vec4 v0x559a5e635230_0, 0, 4;
    %delay 1000, 0;
    %vpi_call/w 3 65 "$finish" {0 0 0};
    %end;
    .thread T_1;
# The file index is used to find the file name in the following table.
:file_names 4;
    "N/A";
    "<interactive>";
    "-";
    "rom.v";
