#! /usr/local/bin/vvp
:ivl_version "11.0 (devel)" "(s20150603-657-g9e106457)";
:ivl_delay_selection "TYPICAL";
:vpi_time_precision + 0;
:vpi_module "system";
:vpi_module "vhdl_sys";
:vpi_module "vhdl_textio";
:vpi_module "v2005_math";
:vpi_module "va_math";
:vpi_module "v2009";
S_0x558537d98560 .scope package, "$unit" "$unit" 2 1;
 .timescale 0 0;
S_0x558537d9aa20 .scope module, "cla_tb" "cla_tb" 3 1;
 .timescale 0 0;
v0x558537dbb9c0_0 .var "a", 3 0;
v0x558537dbbaa0_0 .var "b", 3 0;
v0x558537dbbb40_0 .var "c_in", 0 0;
o0x7f3b02c295d8 .functor BUFZ 1, C4<z>; HiZ drive
v0x558537dbbbe0_0 .net "c_out", 0 0, o0x7f3b02c295d8;  0 drivers
v0x558537dbbcb0_0 .net "s", 3 0, L_0x558537dbdd20;  1 drivers
S_0x558537d9a630 .scope module, "uut" "cla" 3 11, 4 1 0, S_0x558537d9aa20;
 .timescale 0 0;
    .port_info 0 /INPUT 4 "a";
    .port_info 1 /INPUT 4 "b";
    .port_info 2 /INPUT 1 "c_in";
    .port_info 3 /OUTPUT 1 "c_out";
    .port_info 4 /OUTPUT 4 "s";
L_0x558537d9cf20 .functor BUFZ 1, v0x558537dbbb40_0, C4<0>, C4<0>, C4<0>;
L_0x558537dbf4c0 .functor AND 1, L_0x558537dc0770, L_0x558537dc08a0, C4<1>, C4<1>;
v0x558537dbaad0_0 .net *"_s109", 0 0, L_0x558537dc05b0;  1 drivers
v0x558537dbabd0_0 .net *"_s111", 0 0, L_0x558537dc0770;  1 drivers
v0x558537dbacb0_0 .net *"_s113", 0 0, L_0x558537dc08a0;  1 drivers
v0x558537dbad70_0 .net *"_s114", 0 0, L_0x558537dbf4c0;  1 drivers
v0x558537dbae50_0 .net *"_s116", 0 0, L_0x558537dc0650;  1 drivers
v0x558537dbaf30_0 .net *"_s3", 0 0, L_0x558537d9cf20;  1 drivers
v0x558537dbb010_0 .net "a", 3 0, v0x558537dbb9c0_0;  1 drivers
v0x558537dbb0f0_0 .net "b", 3 0, v0x558537dbbaa0_0;  1 drivers
v0x558537dbb1d0_0 .net "c", 4 0, L_0x558537dc03d0;  1 drivers
v0x558537dbb340_0 .net "c_in", 0 0, v0x558537dbbb40_0;  1 drivers
v0x558537dbb400_0 .net "c_out", 0 0, o0x7f3b02c295d8;  alias, 0 drivers
v0x558537dbb4c0_0 .net "g", 3 0, L_0x558537dbdac0;  1 drivers
v0x558537dbb5a0_0 .net "g_kl", 2 0, L_0x558537dc0130;  1 drivers
v0x558537dbb680_0 .net "p", 3 0, L_0x558537dbd9d0;  1 drivers
v0x558537dbb760_0 .net "p_kl", 2 0, L_0x558537dbffa0;  1 drivers
v0x558537dbb840_0 .net "s", 3 0, L_0x558537dbdd20;  alias, 1 drivers
L_0x558537dbc170 .part v0x558537dbb9c0_0, 0, 1;
L_0x558537dbc2a0 .part v0x558537dbbaa0_0, 0, 1;
L_0x558537dbc3d0 .part L_0x558537dc03d0, 0, 1;
L_0x558537dbc800 .part v0x558537dbb9c0_0, 1, 1;
L_0x558537dbc960 .part v0x558537dbbaa0_0, 1, 1;
L_0x558537dbca90 .part L_0x558537dc03d0, 1, 1;
L_0x558537dbce80 .part v0x558537dbb9c0_0, 2, 1;
L_0x558537dbd040 .part v0x558537dbbaa0_0, 2, 1;
L_0x558537dbd250 .part L_0x558537dc03d0, 2, 1;
L_0x558537dbd570 .part v0x558537dbb9c0_0, 3, 1;
L_0x558537dbd700 .part v0x558537dbbaa0_0, 3, 1;
L_0x558537dbd830 .part L_0x558537dc03d0, 3, 1;
L_0x558537dbd9d0 .concat8 [ 1 1 1 1], L_0x558537dbbf90, L_0x558537dbc620, L_0x558537dbcca0, L_0x558537dbd430;
L_0x558537dbdac0 .concat8 [ 1 1 1 1], L_0x558537dbc0d0, L_0x558537dbc760, L_0x558537dbcde0, L_0x558537dbd4d0;
L_0x558537dbdd20 .concat8 [ 1 1 1 1], L_0x558537dbbea0, L_0x558537dbc530, L_0x558537dbcbe0, L_0x558537dbd390;
L_0x558537dbe3d0 .part L_0x558537dbd9d0, 0, 1;
L_0x558537dbe550 .part L_0x558537dbdac0, 0, 1;
L_0x558537dbe640 .part L_0x558537dbd9d0, 1, 1;
L_0x558537dbe780 .part L_0x558537dbdac0, 1, 1;
L_0x558537dbe870 .part L_0x558537dc03d0, 0, 1;
L_0x558537dbedf0 .part L_0x558537dbd9d0, 2, 1;
L_0x558537dbee90 .part L_0x558537dbdac0, 2, 1;
L_0x558537dbf080 .part L_0x558537dbd9d0, 3, 1;
L_0x558537dbf120 .part L_0x558537dbdac0, 3, 1;
L_0x558537dbf290 .part L_0x558537dc03d0, 2, 1;
L_0x558537dbf870 .part L_0x558537dbffa0, 0, 1;
L_0x558537dbf9f0 .part L_0x558537dc0130, 0, 1;
L_0x558537dbfa90 .part L_0x558537dbffa0, 1, 1;
L_0x558537dbfc70 .part L_0x558537dc0130, 1, 1;
L_0x558537dbfdb0 .part L_0x558537dc03d0, 0, 1;
L_0x558537dbffa0 .concat8 [ 1 1 1 0], L_0x558537dbd960, L_0x558537dbe0e0, L_0x558537dbeb00;
L_0x558537dc0130 .concat8 [ 1 1 1 0], L_0x558537dbe040, L_0x558537dbea60, L_0x558537dbf420;
LS_0x558537dc03d0_0_0 .concat8 [ 1 1 1 1], L_0x558537d9cf20, L_0x558537dbe290, L_0x558537dbf6d0, L_0x558537dbecb0;
LS_0x558537dc03d0_0_4 .concat8 [ 1 0 0 0], L_0x558537dc0650;
L_0x558537dc03d0 .concat8 [ 4 1 0 0], LS_0x558537dc03d0_0_0, LS_0x558537dc03d0_0_4;
L_0x558537dc05b0 .part L_0x558537dc0130, 2, 1;
L_0x558537dc0770 .part L_0x558537dbffa0, 2, 1;
L_0x558537dc08a0 .part L_0x558537dc03d0, 0, 1;
L_0x558537dc0650 .arith/sum 1, L_0x558537dc05b0, L_0x558537dbf4c0;
S_0x558537d9a250 .scope module, "a0" "A" 4 17, 5 1 0, S_0x558537d9a630;
 .timescale 0 0;
    .port_info 0 /INPUT 1 "a";
    .port_info 1 /INPUT 1 "b";
    .port_info 2 /INPUT 1 "c_in";
    .port_info 3 /OUTPUT 1 "p";
    .port_info 4 /OUTPUT 1 "g";
    .port_info 5 /OUTPUT 1 "s";
L_0x558537dbbdd0 .functor XOR 1, L_0x558537dbc170, L_0x558537dbc2a0, C4<0>, C4<0>;
L_0x558537dbbea0 .functor XOR 1, L_0x558537dbbdd0, L_0x558537dbc3d0, C4<0>, C4<0>;
L_0x558537dbbf90 .functor XOR 1, L_0x558537dbc170, L_0x558537dbc2a0, C4<0>, C4<0>;
L_0x558537dbc0d0 .functor AND 1, L_0x558537dbc170, L_0x558537dbc2a0, C4<1>, C4<1>;
v0x558537d98430_0 .net *"_s0", 0 0, L_0x558537dbbdd0;  1 drivers
v0x558537d94f30_0 .net "a", 0 0, L_0x558537dbc170;  1 drivers
v0x558537db6700_0 .net "b", 0 0, L_0x558537dbc2a0;  1 drivers
v0x558537db67a0_0 .net "c_in", 0 0, L_0x558537dbc3d0;  1 drivers
v0x558537db6860_0 .net "g", 0 0, L_0x558537dbc0d0;  1 drivers
v0x558537db6970_0 .net "p", 0 0, L_0x558537dbbf90;  1 drivers
v0x558537db6a30_0 .net "s", 0 0, L_0x558537dbbea0;  1 drivers
S_0x558537db6bb0 .scope module, "a1" "A" 4 27, 5 1 0, S_0x558537d9a630;
 .timescale 0 0;
    .port_info 0 /INPUT 1 "a";
    .port_info 1 /INPUT 1 "b";
    .port_info 2 /INPUT 1 "c_in";
    .port_info 3 /OUTPUT 1 "p";
    .port_info 4 /OUTPUT 1 "g";
    .port_info 5 /OUTPUT 1 "s";
L_0x558537dbc4c0 .functor XOR 1, L_0x558537dbc800, L_0x558537dbc960, C4<0>, C4<0>;
L_0x558537dbc530 .functor XOR 1, L_0x558537dbc4c0, L_0x558537dbca90, C4<0>, C4<0>;
L_0x558537dbc620 .functor XOR 1, L_0x558537dbc800, L_0x558537dbc960, C4<0>, C4<0>;
L_0x558537dbc760 .functor AND 1, L_0x558537dbc800, L_0x558537dbc960, C4<1>, C4<1>;
v0x558537db6e50_0 .net *"_s0", 0 0, L_0x558537dbc4c0;  1 drivers
v0x558537db6f30_0 .net "a", 0 0, L_0x558537dbc800;  1 drivers
v0x558537db6ff0_0 .net "b", 0 0, L_0x558537dbc960;  1 drivers
v0x558537db7090_0 .net "c_in", 0 0, L_0x558537dbca90;  1 drivers
v0x558537db7150_0 .net "g", 0 0, L_0x558537dbc760;  1 drivers
v0x558537db7260_0 .net "p", 0 0, L_0x558537dbc620;  1 drivers
v0x558537db7320_0 .net "s", 0 0, L_0x558537dbc530;  1 drivers
S_0x558537db74a0 .scope module, "a2" "A" 4 36, 5 1 0, S_0x558537d9a630;
 .timescale 0 0;
    .port_info 0 /INPUT 1 "a";
    .port_info 1 /INPUT 1 "b";
    .port_info 2 /INPUT 1 "c_in";
    .port_info 3 /OUTPUT 1 "p";
    .port_info 4 /OUTPUT 1 "g";
    .port_info 5 /OUTPUT 1 "s";
L_0x558537dbcb70 .functor XOR 1, L_0x558537dbce80, L_0x558537dbd040, C4<0>, C4<0>;
L_0x558537dbcbe0 .functor XOR 1, L_0x558537dbcb70, L_0x558537dbd250, C4<0>, C4<0>;
L_0x558537dbcca0 .functor XOR 1, L_0x558537dbce80, L_0x558537dbd040, C4<0>, C4<0>;
L_0x558537dbcde0 .functor AND 1, L_0x558537dbce80, L_0x558537dbd040, C4<1>, C4<1>;
v0x558537db7720_0 .net *"_s0", 0 0, L_0x558537dbcb70;  1 drivers
v0x558537db7800_0 .net "a", 0 0, L_0x558537dbce80;  1 drivers
v0x558537db78c0_0 .net "b", 0 0, L_0x558537dbd040;  1 drivers
v0x558537db7960_0 .net "c_in", 0 0, L_0x558537dbd250;  1 drivers
v0x558537db7a20_0 .net "g", 0 0, L_0x558537dbcde0;  1 drivers
v0x558537db7b30_0 .net "p", 0 0, L_0x558537dbcca0;  1 drivers
v0x558537db7bf0_0 .net "s", 0 0, L_0x558537dbcbe0;  1 drivers
S_0x558537db7d70 .scope module, "a3" "A" 4 45, 5 1 0, S_0x558537d9a630;
 .timescale 0 0;
    .port_info 0 /INPUT 1 "a";
    .port_info 1 /INPUT 1 "b";
    .port_info 2 /INPUT 1 "c_in";
    .port_info 3 /OUTPUT 1 "p";
    .port_info 4 /OUTPUT 1 "g";
    .port_info 5 /OUTPUT 1 "s";
L_0x558537dbd2f0 .functor XOR 1, L_0x558537dbd570, L_0x558537dbd700, C4<0>, C4<0>;
L_0x558537dbd390 .functor XOR 1, L_0x558537dbd2f0, L_0x558537dbd830, C4<0>, C4<0>;
L_0x558537dbd430 .functor XOR 1, L_0x558537dbd570, L_0x558537dbd700, C4<0>, C4<0>;
L_0x558537dbd4d0 .functor AND 1, L_0x558537dbd570, L_0x558537dbd700, C4<1>, C4<1>;
v0x558537db7ff0_0 .net *"_s0", 0 0, L_0x558537dbd2f0;  1 drivers
v0x558537db80f0_0 .net "a", 0 0, L_0x558537dbd570;  1 drivers
v0x558537db81b0_0 .net "b", 0 0, L_0x558537dbd700;  1 drivers
v0x558537db8250_0 .net "c_in", 0 0, L_0x558537dbd830;  1 drivers
v0x558537db8310_0 .net "g", 0 0, L_0x558537dbd4d0;  1 drivers
v0x558537db8420_0 .net "p", 0 0, L_0x558537dbd430;  1 drivers
v0x558537db84e0_0 .net "s", 0 0, L_0x558537dbd390;  1 drivers
S_0x558537db8660 .scope module, "b0" "B" 4 54, 6 1 0, S_0x558537d9a630;
 .timescale 0 0;
    .port_info 0 /INPUT 1 "p_l";
    .port_info 1 /INPUT 1 "g_l";
    .port_info 2 /INPUT 1 "p_k";
    .port_info 3 /INPUT 1 "g_k";
    .port_info 4 /INPUT 1 "c_in";
    .port_info 5 /OUTPUT 1 "c_out";
    .port_info 6 /OUTPUT 1 "p_kl";
    .port_info 7 /OUTPUT 1 "g_kl";
L_0x558537dbd960 .functor AND 1, L_0x558537dbe640, L_0x558537dbe3d0, C4<1>, C4<1>;
v0x558537db89b0_0 .net *"_s3", 0 0, L_0x558537dbdf50;  1 drivers
v0x558537db8ab0_0 .net *"_s7", 0 0, L_0x558537dbe1a0;  1 drivers
v0x558537db8b90_0 .net "c_in", 0 0, L_0x558537dbe870;  1 drivers
v0x558537db8c30_0 .net "c_out", 0 0, L_0x558537dbe290;  1 drivers
v0x558537db8cf0_0 .net "g_k", 0 0, L_0x558537dbe780;  1 drivers
v0x558537db8e00_0 .net "g_kl", 0 0, L_0x558537dbe040;  1 drivers
v0x558537db8ec0_0 .net "g_l", 0 0, L_0x558537dbe550;  1 drivers
v0x558537db8f80_0 .net "p_k", 0 0, L_0x558537dbe640;  1 drivers
v0x558537db9040_0 .net "p_kl", 0 0, L_0x558537dbd960;  1 drivers
v0x558537db9100_0 .net "p_l", 0 0, L_0x558537dbe3d0;  1 drivers
L_0x558537dbdf50 .arith/mult 1, L_0x558537dbe640, L_0x558537dbe550;
L_0x558537dbe040 .arith/sum 1, L_0x558537dbe780, L_0x558537dbdf50;
L_0x558537dbe1a0 .arith/mult 1, L_0x558537dbe3d0, L_0x558537dbe870;
L_0x558537dbe290 .arith/sum 1, L_0x558537dbe550, L_0x558537dbe1a0;
S_0x558537db92c0 .scope module, "b1" "B" 4 66, 6 1 0, S_0x558537d9a630;
 .timescale 0 0;
    .port_info 0 /INPUT 1 "p_l";
    .port_info 1 /INPUT 1 "g_l";
    .port_info 2 /INPUT 1 "p_k";
    .port_info 3 /INPUT 1 "g_k";
    .port_info 4 /INPUT 1 "c_in";
    .port_info 5 /OUTPUT 1 "c_out";
    .port_info 6 /OUTPUT 1 "p_kl";
    .port_info 7 /OUTPUT 1 "g_kl";
L_0x558537dbe0e0 .functor AND 1, L_0x558537dbf080, L_0x558537dbedf0, C4<1>, C4<1>;
v0x558537db9570_0 .net *"_s3", 0 0, L_0x558537dbe6e0;  1 drivers
v0x558537db9670_0 .net *"_s7", 0 0, L_0x558537dbebc0;  1 drivers
v0x558537db9750_0 .net "c_in", 0 0, L_0x558537dbf290;  1 drivers
v0x558537db97f0_0 .net "c_out", 0 0, L_0x558537dbecb0;  1 drivers
v0x558537db98b0_0 .net "g_k", 0 0, L_0x558537dbf120;  1 drivers
v0x558537db99c0_0 .net "g_kl", 0 0, L_0x558537dbea60;  1 drivers
v0x558537db9a80_0 .net "g_l", 0 0, L_0x558537dbee90;  1 drivers
v0x558537db9b40_0 .net "p_k", 0 0, L_0x558537dbf080;  1 drivers
v0x558537db9c00_0 .net "p_kl", 0 0, L_0x558537dbe0e0;  1 drivers
v0x558537db9cc0_0 .net "p_l", 0 0, L_0x558537dbedf0;  1 drivers
L_0x558537dbe6e0 .arith/mult 1, L_0x558537dbf080, L_0x558537dbee90;
L_0x558537dbea60 .arith/sum 1, L_0x558537dbf120, L_0x558537dbe6e0;
L_0x558537dbebc0 .arith/mult 1, L_0x558537dbedf0, L_0x558537dbf290;
L_0x558537dbecb0 .arith/sum 1, L_0x558537dbee90, L_0x558537dbebc0;
S_0x558537db9e80 .scope module, "c0" "B" 4 78, 6 1 0, S_0x558537d9a630;
 .timescale 0 0;
    .port_info 0 /INPUT 1 "p_l";
    .port_info 1 /INPUT 1 "g_l";
    .port_info 2 /INPUT 1 "p_k";
    .port_info 3 /INPUT 1 "g_k";
    .port_info 4 /INPUT 1 "c_in";
    .port_info 5 /OUTPUT 1 "c_out";
    .port_info 6 /OUTPUT 1 "p_kl";
    .port_info 7 /OUTPUT 1 "g_kl";
L_0x558537dbeb00 .functor AND 1, L_0x558537dbfa90, L_0x558537dbf870, C4<1>, C4<1>;
v0x558537dba130_0 .net *"_s3", 0 0, L_0x558537dbf330;  1 drivers
v0x558537dba230_0 .net *"_s7", 0 0, L_0x558537dbf5e0;  1 drivers
v0x558537dba310_0 .net "c_in", 0 0, L_0x558537dbfdb0;  1 drivers
v0x558537dba3b0_0 .net "c_out", 0 0, L_0x558537dbf6d0;  1 drivers
v0x558537dba470_0 .net "g_k", 0 0, L_0x558537dbfc70;  1 drivers
v0x558537dba580_0 .net "g_kl", 0 0, L_0x558537dbf420;  1 drivers
v0x558537dba640_0 .net "g_l", 0 0, L_0x558537dbf9f0;  1 drivers
v0x558537dba700_0 .net "p_k", 0 0, L_0x558537dbfa90;  1 drivers
v0x558537dba7c0_0 .net "p_kl", 0 0, L_0x558537dbeb00;  1 drivers
v0x558537dba910_0 .net "p_l", 0 0, L_0x558537dbf870;  1 drivers
L_0x558537dbf330 .arith/mult 1, L_0x558537dbfa90, L_0x558537dbf9f0;
L_0x558537dbf420 .arith/sum 1, L_0x558537dbfc70, L_0x558537dbf330;
L_0x558537dbf5e0 .arith/mult 1, L_0x558537dbf870, L_0x558537dbfdb0;
L_0x558537dbf6d0 .arith/sum 1, L_0x558537dbf9f0, L_0x558537dbf5e0;
    .scope S_0x558537d9aa20;
T_0 ;
    %vpi_call/w 3 21 "$dumpfile", "cla.vcd" {0 0 0};
    %vpi_call/w 3 22 "$dumpvars" {0 0 0};
    %pushi/vec4 1, 0, 4;
    %store/vec4 v0x558537dbb9c0_0, 0, 4;
    %pushi/vec4 0, 0, 4;
    %store/vec4 v0x558537dbbaa0_0, 0, 4;
    %pushi/vec4 0, 0, 1;
    %store/vec4 v0x558537dbbb40_0, 0, 1;
    %delay 5, 0;
    %pushi/vec4 1, 0, 4;
    %store/vec4 v0x558537dbb9c0_0, 0, 4;
    %pushi/vec4 0, 0, 4;
    %store/vec4 v0x558537dbbaa0_0, 0, 4;
    %pushi/vec4 1, 0, 1;
    %store/vec4 v0x558537dbbb40_0, 0, 1;
    %delay 5, 0;
    %pushi/vec4 0, 0, 4;
    %store/vec4 v0x558537dbb9c0_0, 0, 4;
    %pushi/vec4 8, 0, 4;
    %store/vec4 v0x558537dbbaa0_0, 0, 4;
    %end;
    .thread T_0;
# The file index is used to find the file name in the following table.
:file_names 7;
    "N/A";
    "<interactive>";
    "-";
    "cla_tb.v";
    "cla.v";
    "A.v";
    "B.v";
