#! /usr/local/bin/vvp
:ivl_version "11.0 (devel)" "(s20150603-737-gdf38460d)";
:ivl_delay_selection "TYPICAL";
:vpi_time_precision - 11;
:vpi_module "system";
:vpi_module "vhdl_sys";
:vpi_module "vhdl_textio";
:vpi_module "v2005_math";
:vpi_module "va_math";
:vpi_module "v2009";
S_0x5619a3eb31b0 .scope package, "$unit" "$unit" 2 1;
 .timescale 0 0;
S_0x5619a3eb3340 .scope module, "mc_tb" "mc_tb" 3 37;
 .timescale -8 -11;
o0x7fb0a8623258 .functor BUFZ 1, C4<z>; HiZ drive
; Elide local net with no drivers, v0x5619a3ec9890_0 name=_ivl_0
o0x7fb0a8623288 .functor BUFZ 1, C4<z>; HiZ drive
; Elide local net with no drivers, v0x5619a3ec9990_0 name=_ivl_4
v0x5619a3ec9a70_0 .net "bl", 0 0, L_0x5619a3eca160;  1 drivers
v0x5619a3ec9b10_0 .net "blb", 0 0, L_0x5619a3eca270;  1 drivers
v0x5619a3ec9bb0_0 .net "dl", 0 0, L_0x5619a3ec9f50;  1 drivers
v0x5619a3ec9ca0_0 .net "dlb", 0 0, L_0x5619a3eca040;  1 drivers
v0x5619a3ec9d40_0 .var "drive_bl", 0 0;
v0x5619a3ec9de0_0 .var "drive_blb", 0 0;
v0x5619a3ec9e80_0 .var "sw", 0 0;
L_0x5619a3ec9f50 .functor MUXZ 1, o0x7fb0a8623258, v0x5619a3ec9d40_0, v0x5619a3ec9e80_0, C4<>;
L_0x5619a3eca040 .functor MUXZ 1, o0x7fb0a8623288, v0x5619a3ec9de0_0, v0x5619a3ec9e80_0, C4<>;
S_0x5619a3ea2580 .scope module, "mc0" "mc" 3 95, 3 3 0, S_0x5619a3eb3340;
 .timescale -8 -11;
    .port_info 0 /INOUT 1 "bl";
    .port_info 1 /INOUT 1 "blb";
    .port_info 2 /INOUT 1 "dl";
    .port_info 3 /INOUT 1 "dlb";
    .port_info 4 /INPUT 1 "sw";
L_0x5619a3eca160 .functor NOT 1, L_0x5619a3eca270, C4<0>, C4<0>, C4<0>;
L_0x5619a3eca270 .functor BUFZ 1, L_0x5619a3eca160, C4<0>, C4<0>, C4<0>;
v0x5619a3e9f680_0 .net "bl", 0 0, L_0x5619a3eca160;  alias, 1 drivers
v0x5619a3e9edb0_0 .var "bl_reg", 0 0;
v0x5619a3ec9400_0 .net "blb", 0 0, L_0x5619a3eca270;  alias, 1 drivers
v0x5619a3ec94a0_0 .var "blb_reg", 0 0;
v0x5619a3ec9560_0 .net "dl", 0 0, L_0x5619a3ec9f50;  alias, 1 drivers
v0x5619a3ec9670_0 .net "dlb", 0 0, L_0x5619a3eca040;  alias, 1 drivers
v0x5619a3ec9730_0 .net "sw", 0 0, v0x5619a3ec9e80_0;  1 drivers
    .scope S_0x5619a3ea2580;
T_0 ;
    %pushi/vec4 1, 0, 1;
    %store/vec4 v0x5619a3e9edb0_0, 0, 1;
    %end;
    .thread T_0;
    .scope S_0x5619a3ea2580;
T_1 ;
    %delay 1000, 0;
    %load/vec4 v0x5619a3ec9730_0;
    %flag_set/vec4 8;
    %jmp/0xz  T_1.0, 8;
    %load/vec4 v0x5619a3ec9560_0;
    %store/vec4 v0x5619a3e9edb0_0, 0, 1;
    %load/vec4 v0x5619a3ec9670_0;
    %store/vec4 v0x5619a3ec94a0_0, 0, 1;
    %jmp T_1.1;
T_1.0 ;
    %delay 1000, 0;
    %load/vec4 v0x5619a3e9edb0_0;
    %inv;
    %store/vec4 v0x5619a3ec94a0_0, 0, 1;
    %load/vec4 v0x5619a3ec94a0_0;
    %inv;
    %store/vec4 v0x5619a3e9edb0_0, 0, 1;
T_1.1 ;
    %jmp T_1;
    .thread T_1;
    .scope S_0x5619a3eb3340;
T_2 ;
    %vpi_call/w 3 54 "$dumpfile", "dump.vdc" {0 0 0};
    %vpi_call/w 3 55 "$dumpvars" {0 0 0};
    %delay 100000, 0;
    %pushi/vec4 1, 0, 1;
    %store/vec4 v0x5619a3ec9e80_0, 0, 1;
    %pushi/vec4 0, 0, 1;
    %store/vec4 v0x5619a3ec9d40_0, 0, 1;
    %pushi/vec4 1, 0, 1;
    %store/vec4 v0x5619a3ec9de0_0, 0, 1;
    %delay 100000, 0;
    %pushi/vec4 0, 0, 1;
    %store/vec4 v0x5619a3ec9e80_0, 0, 1;
    %delay 100000, 0;
    %pushi/vec4 0, 1, 1;
    %store/vec4 v0x5619a3ec9d40_0, 0, 1;
    %pushi/vec4 0, 1, 1;
    %store/vec4 v0x5619a3ec9de0_0, 0, 1;
    %delay 1000, 0;
    %pushi/vec4 1, 0, 1;
    %store/vec4 v0x5619a3ec9e80_0, 0, 1;
    %delay 100000, 0;
    %pushi/vec4 1, 0, 1;
    %store/vec4 v0x5619a3ec9e80_0, 0, 1;
    %pushi/vec4 1, 0, 1;
    %store/vec4 v0x5619a3ec9d40_0, 0, 1;
    %pushi/vec4 0, 0, 1;
    %store/vec4 v0x5619a3ec9de0_0, 0, 1;
    %delay 100000, 0;
    %pushi/vec4 0, 0, 1;
    %store/vec4 v0x5619a3ec9e80_0, 0, 1;
    %delay 100000, 0;
    %pushi/vec4 0, 1, 1;
    %store/vec4 v0x5619a3ec9d40_0, 0, 1;
    %pushi/vec4 0, 1, 1;
    %store/vec4 v0x5619a3ec9de0_0, 0, 1;
    %delay 1000, 0;
    %pushi/vec4 1, 0, 1;
    %store/vec4 v0x5619a3ec9e80_0, 0, 1;
    %delay 100000, 0;
    %vpi_call/w 3 92 "$finish" {0 0 0};
    %end;
    .thread T_2;
# The file index is used to find the file name in the following table.
:file_names 4;
    "N/A";
    "<interactive>";
    "-";
    "sense_amp.v";
