#! /usr/local/bin/vvp
:ivl_version "11.0 (devel)" "(s20150603-657-g9e106457)";
:ivl_delay_selection "TYPICAL";
:vpi_time_precision + 0;
:vpi_module "system";
:vpi_module "vhdl_sys";
:vpi_module "vhdl_textio";
:vpi_module "v2005_math";
:vpi_module "va_math";
:vpi_module "v2009";
S_0x5646546855a0 .scope package, "$unit" "$unit" 2 1;
 .timescale 0 0;
S_0x564654685730 .scope module, "adder_tb" "adder_tb" 3 1;
 .timescale 0 0;
P_0x5646546858c0 .param/l "N" 0 3 4, +C4<00000000000000000000000000100000>;
v0x564654699a30_0 .var "a", 31 0;
v0x564654699b10_0 .var "b", 31 0;
v0x564654699be0_0 .net "carry", 0 0, L_0x56465469a2c0;  1 drivers
v0x564654699ce0_0 .net "res", 31 0, L_0x56465469a150;  1 drivers
S_0x56465464e5e0 .scope module, "uut" "adder" 3 12, 4 1 0, S_0x564654685730;
 .timescale 0 0;
    .port_info 0 /INPUT 32 "a";
    .port_info 1 /INPUT 32 "b";
    .port_info 2 /OUTPUT 1 "carry";
    .port_info 3 /OUTPUT 32 "res";
P_0x56465464e7c0 .param/l "N" 0 4 3, +C4<00000000000000000000000000100000>;
v0x56465464e860_0 .net *"_s0", 32 0, L_0x564654699db0;  1 drivers
L_0x7f99d479a018 .functor BUFT 1, C4<0>, C4<0>, C4<0>, C4<0>;
v0x564654699270_0 .net *"_s3", 0 0, L_0x7f99d479a018;  1 drivers
v0x564654699350_0 .net *"_s4", 32 0, L_0x564654699ed0;  1 drivers
L_0x7f99d479a060 .functor BUFT 1, C4<0>, C4<0>, C4<0>, C4<0>;
v0x564654699440_0 .net *"_s7", 0 0, L_0x7f99d479a060;  1 drivers
v0x564654699520_0 .net "a", 31 0, v0x564654699a30_0;  1 drivers
v0x564654699650_0 .net "b", 31 0, v0x564654699b10_0;  1 drivers
v0x564654699730_0 .net "carry", 0 0, L_0x56465469a2c0;  alias, 1 drivers
v0x5646546997f0_0 .net "res", 31 0, L_0x56465469a150;  alias, 1 drivers
v0x5646546998d0_0 .net "result", 32 0, L_0x56465469a010;  1 drivers
L_0x564654699db0 .concat [ 32 1 0 0], v0x564654699a30_0, L_0x7f99d479a018;
L_0x564654699ed0 .concat [ 32 1 0 0], v0x564654699b10_0, L_0x7f99d479a060;
L_0x56465469a010 .arith/sum 33, L_0x564654699db0, L_0x564654699ed0;
L_0x56465469a150 .part L_0x56465469a010, 0, 32;
L_0x56465469a2c0 .part L_0x56465469a010, 32, 1;
    .scope S_0x564654685730;
T_0 ;
    %vpi_call/w 3 21 "$dumpfile", "adder.vcd" {0 0 0};
    %vpi_call/w 3 22 "$dumpvars" {0 0 0};
    %pushi/vec4 80, 0, 32;
    %store/vec4 v0x564654699a30_0, 0, 32;
    %pushi/vec4 32, 0, 32;
    %store/vec4 v0x564654699b10_0, 0, 32;
    %delay 5, 0;
    %pushi/vec4 44167, 0, 32;
    %store/vec4 v0x564654699a30_0, 0, 32;
    %pushi/vec4 65317, 0, 32;
    %store/vec4 v0x564654699b10_0, 0, 32;
    %delay 5, 0;
    %pushi/vec4 4, 0, 32;
    %store/vec4 v0x564654699a30_0, 0, 32;
    %pushi/vec4 3, 0, 32;
    %store/vec4 v0x564654699b10_0, 0, 32;
    %end;
    .thread T_0;
# The file index is used to find the file name in the following table.
:file_names 5;
    "N/A";
    "<interactive>";
    "-";
    "adder_tb.v";
    "adder.v";
