#! /usr/local/bin/vvp
:ivl_version "11.0 (devel)" "(s20150603-657-g9e106457)";
:ivl_delay_selection "TYPICAL";
:vpi_time_precision - 12;
:vpi_module "system";
:vpi_module "vhdl_sys";
:vpi_module "vhdl_textio";
:vpi_module "v2005_math";
:vpi_module "va_math";
:vpi_module "v2009";
S_0x561584c872e0 .scope package, "$unit" "$unit" 2 1;
 .timescale 0 0;
S_0x561584c4d600 .scope module, "add_shft_mul_tb" "add_shft_mul_tb" 3 40;
 .timescale -9 -12;
v0x561584c9ebd0_0 .var "a", 7 0;
v0x561584c9ecb0_0 .var "b", 7 0;
v0x561584c9ed50_0 .net "c", 15 0, v0x561584c75980_0;  1 drivers
v0x561584c9edf0_0 .var "clk", 0 0;
v0x561584c9ee90_0 .net "done", 0 0, L_0x561584c9f100;  1 drivers
v0x561584c9ef30_0 .var "rst", 0 0;
v0x561584c9f000_0 .var "start", 0 0;
E_0x561584c83720 .event posedge, v0x561584c9e8b0_0;
S_0x561584c4d7b0 .scope module, "mult0" "add_shft_mul" 3 48, 3 3 0, S_0x561584c4d600;
 .timescale -9 -12;
    .port_info 0 /INPUT 1 "clk";
    .port_info 1 /INPUT 1 "rst";
    .port_info 2 /INPUT 8 "a";
    .port_info 3 /INPUT 8 "b";
    .port_info 4 /OUTPUT 16 "c";
    .port_info 5 /INPUT 1 "start";
    .port_info 6 /OUTPUT 1 "done";
L_0x7fda98d5d018 .functor BUFT 1, C4<1000>, C4<0>, C4<0>, C4<0>;
v0x561584c74cd0_0 .net/2u *"_s0", 3 0, L_0x7fda98d5d018;  1 drivers
v0x561584c75140_0 .net/s "a", 7 0, v0x561584c9ebd0_0;  1 drivers
v0x561584c75460_0 .net/s "b", 7 0, v0x561584c9ecb0_0;  1 drivers
v0x561584c75980_0 .var/s "c", 15 0;
v0x561584c71e30_0 .net "clk", 0 0, v0x561584c9edf0_0;  1 drivers
v0x561584c9e7d0_0 .var "counter", 3 0;
v0x561584c9e8b0_0 .net "done", 0 0, L_0x561584c9f100;  alias, 1 drivers
v0x561584c9e970_0 .net "rst", 0 0, v0x561584c9ef30_0;  1 drivers
v0x561584c9ea30_0 .net "start", 0 0, v0x561584c9f000_0;  1 drivers
E_0x561584c6e6c0 .event posedge, v0x561584c71e30_0;
L_0x561584c9f100 .cmp/eq 4, v0x561584c9e7d0_0, L_0x7fda98d5d018;
    .scope S_0x561584c4d7b0;
T_0 ;
    %wait E_0x561584c6e6c0;
    %load/vec4 v0x561584c9e970_0;
    %flag_set/vec4 8;
    %jmp/0xz  T_0.0, 8;
    %pushi/vec4 8, 0, 4;
    %assign/vec4 v0x561584c9e7d0_0, 0;
    %jmp T_0.1;
T_0.0 ;
    %load/vec4 v0x561584c9ea30_0;
    %flag_set/vec4 8;
    %jmp/0xz  T_0.2, 8;
    %pushi/vec4 0, 0, 4;
    %assign/vec4 v0x561584c9e7d0_0, 0;
    %jmp T_0.3;
T_0.2 ;
    %load/vec4 v0x561584c9e7d0_0;
    %cmpi/ne 8, 0, 4;
    %jmp/0xz  T_0.4, 4;
    %load/vec4 v0x561584c9e7d0_0;
    %addi 1, 0, 4;
    %assign/vec4 v0x561584c9e7d0_0, 0;
T_0.4 ;
T_0.3 ;
T_0.1 ;
    %jmp T_0;
    .thread T_0;
    .scope S_0x561584c4d7b0;
T_1 ;
    %wait E_0x561584c6e6c0;
    %load/vec4 v0x561584c9e970_0;
    %flag_set/vec4 8;
    %jmp/0xz  T_1.0, 8;
    %pushi/vec4 0, 0, 16;
    %assign/vec4 v0x561584c75980_0, 0;
    %jmp T_1.1;
T_1.0 ;
    %load/vec4 v0x561584c9e7d0_0;
    %cmpi/e 7, 0, 4;
    %jmp/0xz  T_1.2, 4;
    %load/vec4 v0x561584c75980_0;
    %parti/s 1, 15, 5;
    %load/vec4 v0x561584c75980_0;
    %parti/s 15, 1, 2;
    %concat/vec4; draw_concat_vec4
    %load/vec4 v0x561584c75460_0;
    %load/vec4 v0x561584c9e7d0_0;
    %part/u 1;
    %flag_set/vec4 8;
    %jmp/0 T_1.4, 8;
    %load/vec4 v0x561584c75140_0;
    %parti/s 1, 7, 4;
    %replicate 8;
    %load/vec4 v0x561584c75140_0;
    %concat/vec4; draw_concat_vec4
    %ix/load 4, 7, 0;
    %flag_set/imm 4, 0;
    %shiftl 4;
    %jmp/1 T_1.5, 8;
T_1.4 ; End of true expr.
    %pushi/vec4 0, 0, 16;
    %jmp/0 T_1.5, 8;
 ; End of false expr.
    %blend;
T_1.5;
    %sub;
    %assign/vec4 v0x561584c75980_0, 0;
    %jmp T_1.3;
T_1.2 ;
    %load/vec4 v0x561584c9e7d0_0;
    %cmpi/ne 8, 0, 4;
    %jmp/0xz  T_1.6, 4;
    %load/vec4 v0x561584c75980_0;
    %parti/s 1, 15, 5;
    %load/vec4 v0x561584c75980_0;
    %parti/s 15, 1, 2;
    %concat/vec4; draw_concat_vec4
    %load/vec4 v0x561584c75460_0;
    %load/vec4 v0x561584c9e7d0_0;
    %part/u 1;
    %flag_set/vec4 8;
    %jmp/0 T_1.8, 8;
    %load/vec4 v0x561584c75140_0;
    %parti/s 1, 7, 4;
    %replicate 8;
    %load/vec4 v0x561584c75140_0;
    %concat/vec4; draw_concat_vec4
    %ix/load 4, 7, 0;
    %flag_set/imm 4, 0;
    %shiftl 4;
    %jmp/1 T_1.9, 8;
T_1.8 ; End of true expr.
    %pushi/vec4 0, 0, 16;
    %jmp/0 T_1.9, 8;
 ; End of false expr.
    %blend;
T_1.9;
    %add;
    %assign/vec4 v0x561584c75980_0, 0;
T_1.6 ;
T_1.3 ;
T_1.1 ;
    %jmp T_1;
    .thread T_1;
    .scope S_0x561584c4d600;
T_2 ;
    %vpi_call/w 3 61 "$dumpfile", "dump.vcd" {0 0 0};
    %vpi_call/w 3 62 "$dumpvars" {0 0 0};
    %pushi/vec4 1, 0, 1;
    %store/vec4 v0x561584c9ef30_0, 0, 1;
    %pushi/vec4 1, 0, 1;
    %store/vec4 v0x561584c9edf0_0, 0, 1;
    %pushi/vec4 0, 0, 1;
    %store/vec4 v0x561584c9f000_0, 0, 1;
    %pushi/vec4 254, 0, 8;
    %store/vec4 v0x561584c9ebd0_0, 0, 8;
    %pushi/vec4 2, 0, 8;
    %store/vec4 v0x561584c9ecb0_0, 0, 8;
    %wait E_0x561584c6e6c0;
    %delay 1000, 0;
    %pushi/vec4 0, 0, 1;
    %store/vec4 v0x561584c9ef30_0, 0, 1;
    %delay 5000, 0;
    %wait E_0x561584c6e6c0;
    %delay 1000, 0;
    %pushi/vec4 1, 0, 1;
    %store/vec4 v0x561584c9f000_0, 0, 1;
    %wait E_0x561584c6e6c0;
    %delay 1000, 0;
    %pushi/vec4 0, 0, 1;
    %store/vec4 v0x561584c9f000_0, 0, 1;
    %wait E_0x561584c83720;
    %vpi_call/w 3 76 "$display", "%d", v0x561584c9ed50_0 {0 0 0};
    %wait E_0x561584c6e6c0;
    %vpi_call/w 3 78 "$finish" {0 0 0};
    %end;
    .thread T_2;
    .scope S_0x561584c4d600;
T_3 ;
    %delay 10000, 0;
    %load/vec4 v0x561584c9edf0_0;
    %inv;
    %store/vec4 v0x561584c9edf0_0, 0, 1;
    %jmp T_3;
    .thread T_3;
# The file index is used to find the file name in the following table.
:file_names 4;
    "N/A";
    "<interactive>";
    "-";
    "add_shft_mul.v";
