#! /usr/local/bin/vvp
:ivl_version "11.0 (devel)" "(s20150603-737-gdf38460d)";
:ivl_delay_selection "TYPICAL";
:vpi_time_precision - 12;
:vpi_module "system";
:vpi_module "vhdl_sys";
:vpi_module "vhdl_textio";
:vpi_module "v2005_math";
:vpi_module "va_math";
:vpi_module "v2009";
S_0x55cfd0d1bac0 .scope package, "$unit" "$unit" 2 1;
 .timescale 0 0;
S_0x55cfd0d1bc50 .scope module, "booth_mul_tb" "booth_mul_tb" 3 67;
 .timescale -9 -12;
v0x55cfd0d31fd0_0 .var "M", 31 0;
v0x55cfd0d320b0_0 .var "clk", 0 0;
v0x55cfd0d32150_0 .net "done", 0 0, v0x55cfd0d319e0_0;  1 drivers
v0x55cfd0d32250_0 .var "m", 31 0;
v0x55cfd0d32320_0 .net "p", 63 0, L_0x55cfd0d32490;  1 drivers
v0x55cfd0d323c0_0 .var "rst", 0 0;
E_0x55cfd0d14af0 .event posedge, v0x55cfd0d319e0_0;
S_0x55cfd0d07630 .scope module, "mult0" "booth_mul" 3 74, 3 3 0, S_0x55cfd0d1bc50;
 .timescale -9 -12;
    .port_info 0 /INPUT 1 "clk";
    .port_info 1 /INPUT 1 "rst";
    .port_info 2 /INPUT 32 "M";
    .port_info 3 /INPUT 32 "m";
    .port_info 4 /OUTPUT 64 "p";
    .port_info 5 /OUTPUT 1 "done";
v0x55cfd0d07060_0 .net "M", 31 0, v0x55cfd0d31fd0_0;  1 drivers
v0x55cfd0d31860_0 .net "clk", 0 0, v0x55cfd0d320b0_0;  1 drivers
v0x55cfd0d31920_0 .var "counter", 5 0;
v0x55cfd0d319e0_0 .var "done", 0 0;
v0x55cfd0d31aa0_0 .net "m", 31 0, v0x55cfd0d32250_0;  1 drivers
v0x55cfd0d31bd0_0 .net "p", 63 0, L_0x55cfd0d32490;  alias, 1 drivers
v0x55cfd0d31cb0_0 .var "pc", 0 0;
v0x55cfd0d31d70_0 .var "pm", 64 0;
v0x55cfd0d31e50_0 .net "rst", 0 0, v0x55cfd0d323c0_0;  1 drivers
E_0x55cfd0d00680 .event posedge, v0x55cfd0d31860_0;
L_0x55cfd0d32490 .part v0x55cfd0d31d70_0, 1, 64;
    .scope S_0x55cfd0d07630;
T_0 ;
    %wait E_0x55cfd0d00680;
    %load/vec4 v0x55cfd0d31e50_0;
    %flag_set/vec4 8;
    %jmp/0xz  T_0.0, 8;
    %pushi/vec4 0, 0, 65;
    %assign/vec4 v0x55cfd0d31d70_0, 0;
    %pushi/vec4 0, 0, 1;
    %assign/vec4 v0x55cfd0d31cb0_0, 0;
    %pushi/vec4 0, 0, 6;
    %assign/vec4 v0x55cfd0d31920_0, 0;
    %pushi/vec4 0, 0, 1;
    %assign/vec4 v0x55cfd0d319e0_0, 0;
    %jmp T_0.1;
T_0.0 ;
    %load/vec4 v0x55cfd0d31920_0;
    %addi 1, 0, 6;
    %assign/vec4 v0x55cfd0d31920_0, 0;
    %load/vec4 v0x55cfd0d31cb0_0;
    %pad/u 2;
    %addi 1, 0, 2;
    %pad/u 1;
    %assign/vec4 v0x55cfd0d31cb0_0, 0;
    %load/vec4 v0x55cfd0d31cb0_0;
    %dup/vec4;
    %pushi/vec4 0, 0, 1;
    %cmp/u;
    %jmp/1 T_0.2, 6;
    %dup/vec4;
    %pushi/vec4 1, 0, 1;
    %cmp/u;
    %jmp/1 T_0.3, 6;
    %jmp T_0.4;
T_0.2 ;
    %load/vec4 v0x55cfd0d31aa0_0;
    %ix/load 4, 1, 0;
    %ix/load 5, 0, 0;
    %flag_set/imm 4, 0;
    %assign/vec4/off/d v0x55cfd0d31d70_0, 4, 5;
    %jmp T_0.4;
T_0.3 ;
    %load/vec4 v0x55cfd0d31d70_0;
    %parti/s 2, 0, 2;
    %dup/vec4;
    %pushi/vec4 1, 0, 2;
    %cmp/u;
    %jmp/1 T_0.5, 6;
    %dup/vec4;
    %pushi/vec4 2, 0, 2;
    %cmp/u;
    %jmp/1 T_0.6, 6;
    %load/vec4 v0x55cfd0d31d70_0;
    %parti/s 64, 1, 2;
    %ix/load 4, 0, 0;
    %ix/load 5, 0, 0;
    %flag_set/imm 4, 0;
    %assign/vec4/off/d v0x55cfd0d31d70_0, 4, 5;
    %jmp T_0.8;
T_0.5 ;
    %load/vec4 v0x55cfd0d31d70_0;
    %parti/s 32, 33, 7;
    %pad/u 33;
    %load/vec4 v0x55cfd0d07060_0;
    %pad/u 33;
    %add;
    %ix/load 4, 32, 0;
    %ix/load 5, 0, 0;
    %flag_set/imm 4, 0;
    %assign/vec4/off/d v0x55cfd0d31d70_0, 4, 5;
    %load/vec4 v0x55cfd0d31d70_0;
    %parti/s 32, 1, 2;
    %ix/load 4, 0, 0;
    %ix/load 5, 0, 0;
    %flag_set/imm 4, 0;
    %assign/vec4/off/d v0x55cfd0d31d70_0, 4, 5;
    %jmp T_0.8;
T_0.6 ;
    %load/vec4 v0x55cfd0d31d70_0;
    %parti/s 32, 33, 7;
    %pad/u 33;
    %load/vec4 v0x55cfd0d07060_0;
    %pad/u 33;
    %sub;
    %ix/load 4, 32, 0;
    %ix/load 5, 0, 0;
    %flag_set/imm 4, 0;
    %assign/vec4/off/d v0x55cfd0d31d70_0, 4, 5;
    %load/vec4 v0x55cfd0d31d70_0;
    %parti/s 32, 1, 2;
    %ix/load 4, 0, 0;
    %ix/load 5, 0, 0;
    %flag_set/imm 4, 0;
    %assign/vec4/off/d v0x55cfd0d31d70_0, 4, 5;
    %jmp T_0.8;
T_0.8 ;
    %pop/vec4 1;
    %load/vec4 v0x55cfd0d31920_0;
    %pad/u 32;
    %cmpi/ne 32, 0, 32;
    %jmp/0xz  T_0.9, 4;
    %load/vec4 v0x55cfd0d31cb0_0;
    %assign/vec4 v0x55cfd0d31cb0_0, 0;
    %jmp T_0.10;
T_0.9 ;
    %load/vec4 v0x55cfd0d31920_0;
    %pad/u 32;
    %cmpi/e 32, 0, 32;
    %jmp/0xz  T_0.11, 4;
    %load/vec4 v0x55cfd0d31cb0_0;
    %assign/vec4 v0x55cfd0d31cb0_0, 0;
    %pushi/vec4 1, 0, 1;
    %assign/vec4 v0x55cfd0d319e0_0, 0;
    %pushi/vec4 32, 0, 6;
    %assign/vec4 v0x55cfd0d31920_0, 0;
T_0.11 ;
T_0.10 ;
    %jmp T_0.4;
T_0.4 ;
    %pop/vec4 1;
T_0.1 ;
    %jmp T_0;
    .thread T_0;
    .scope S_0x55cfd0d1bc50;
T_1 ;
    %vpi_call/w 3 86 "$dumpfile", "dump.vcd" {0 0 0};
    %vpi_call/w 3 87 "$dumpvars" {0 0 0};
    %pushi/vec4 1, 0, 1;
    %store/vec4 v0x55cfd0d323c0_0, 0, 1;
    %pushi/vec4 1, 0, 1;
    %store/vec4 v0x55cfd0d320b0_0, 0, 1;
    %pushi/vec4 6, 0, 32;
    %store/vec4 v0x55cfd0d31fd0_0, 0, 32;
    %pushi/vec4 2, 0, 32;
    %store/vec4 v0x55cfd0d32250_0, 0, 32;
    %wait E_0x55cfd0d00680;
    %delay 1000, 0;
    %pushi/vec4 0, 0, 1;
    %store/vec4 v0x55cfd0d323c0_0, 0, 1;
    %wait E_0x55cfd0d14af0;
    %vpi_call/w 3 97 "$display", "%d", v0x55cfd0d32320_0 {0 0 0};
    %wait E_0x55cfd0d00680;
    %vpi_call/w 3 99 "$finish" {0 0 0};
    %end;
    .thread T_1;
    .scope S_0x55cfd0d1bc50;
T_2 ;
    %delay 10000, 0;
    %load/vec4 v0x55cfd0d320b0_0;
    %inv;
    %store/vec4 v0x55cfd0d320b0_0, 0, 1;
    %jmp T_2;
    .thread T_2;
# The file index is used to find the file name in the following table.
:file_names 4;
    "N/A";
    "<interactive>";
    "-";
    "booth_mul.v";
