#! /usr/local/bin/vvp
:ivl_version "11.0 (devel)" "(s20150603-657-g9e106457)";
:ivl_delay_selection "TYPICAL";
:vpi_time_precision + 0;
:vpi_module "system";
:vpi_module "vhdl_sys";
:vpi_module "vhdl_textio";
:vpi_module "v2005_math";
:vpi_module "va_math";
:vpi_module "v2009";
S_0x563468dd6df0 .scope package, "$unit" "$unit" 2 1;
 .timescale 0 0;
S_0x563468dda2d0 .scope module, "multi_tb" "multi_tb" 3 1;
 .timescale 0 0;
P_0x563468dec660 .param/l "T" 0 3 3, +C4<00000000000000000000000000001010>;
v0x563468e0a060_0 .var "a", 1 0;
v0x563468e0a150_0 .var "b", 1 0;
v0x563468e0a220_0 .net "s", 3 0, L_0x563468e0b870;  1 drivers
S_0x563468dde640 .scope module, "uut" "multi" 3 11, 4 1 0, S_0x563468dda2d0;
 .timescale 0 0;
    .port_info 0 /INPUT 2 "a";
    .port_info 1 /INPUT 2 "b";
    .port_info 2 /OUTPUT 4 "s";
L_0x563468debda0 .functor AND 1, L_0x563468e0a320, L_0x563468e0a440, C4<1>, C4<1>;
L_0x563468e0a740 .functor AND 1, L_0x563468e0a5d0, L_0x563468e0a670, C4<1>, C4<1>;
L_0x563468e0a8a0 .functor BUFZ 1, L_0x563468debda0, C4<0>, C4<0>, C4<0>;
L_0x563468e0aae0 .functor AND 1, L_0x563468e0a960, L_0x563468e0aa00, C4<1>, C4<1>;
L_0x563468e0ad60 .functor AND 1, L_0x563468e0abd0, L_0x563468e0ac70, C4<1>, C4<1>;
v0x563468e09350_0 .net *"_s11", 0 0, L_0x563468e0a670;  1 drivers
v0x563468e09450_0 .net *"_s18", 0 0, L_0x563468e0a8a0;  1 drivers
v0x563468e09530_0 .net *"_s2", 0 0, L_0x563468e0a320;  1 drivers
v0x563468e095f0_0 .net *"_s21", 0 0, L_0x563468e0a960;  1 drivers
v0x563468e096d0_0 .net *"_s23", 0 0, L_0x563468e0aa00;  1 drivers
v0x563468e097b0_0 .net *"_s28", 0 0, L_0x563468e0abd0;  1 drivers
v0x563468e09890_0 .net *"_s30", 0 0, L_0x563468e0ac70;  1 drivers
v0x563468e09970_0 .net *"_s4", 0 0, L_0x563468e0a440;  1 drivers
v0x563468e09a50_0 .net *"_s9", 0 0, L_0x563468e0a5d0;  1 drivers
v0x563468e09b30_0 .net "a", 1 0, v0x563468e0a060_0;  1 drivers
v0x563468e09c10_0 .net "b", 1 0, v0x563468e0a150_0;  1 drivers
v0x563468e09cf0_0 .net "carry", 0 0, L_0x563468e0b200;  1 drivers
v0x563468e09d90 .array "pp0", 0 1;
v0x563468e09d90_0 .net v0x563468e09d90 0, 0 0, L_0x563468debda0; 1 drivers
v0x563468e09d90_1 .net v0x563468e09d90 1, 0 0, L_0x563468e0a740; 1 drivers
v0x563468e09e70 .array "pp1", 0 1;
v0x563468e09e70_0 .net v0x563468e09e70 0, 0 0, L_0x563468e0aae0; 1 drivers
v0x563468e09e70_1 .net v0x563468e09e70 1, 0 0, L_0x563468e0ad60; 1 drivers
v0x563468e09f40_0 .net "s", 3 0, L_0x563468e0b870;  alias, 1 drivers
L_0x563468e0a320 .part v0x563468e0a060_0, 0, 1;
L_0x563468e0a440 .part v0x563468e0a150_0, 0, 1;
L_0x563468e0a5d0 .part v0x563468e0a060_0, 1, 1;
L_0x563468e0a670 .part v0x563468e0a150_0, 0, 1;
L_0x563468e0a960 .part v0x563468e0a060_0, 0, 1;
L_0x563468e0aa00 .part v0x563468e0a150_0, 1, 1;
L_0x563468e0abd0 .part v0x563468e0a060_0, 1, 1;
L_0x563468e0ac70 .part v0x563468e0a150_0, 1, 1;
L_0x563468e0b870 .concat8 [ 1 1 1 1], L_0x563468e0a8a0, L_0x563468e0af30, L_0x563468e0b450, L_0x563468e0b720;
S_0x563468ddc390 .scope module, "adder1" "full_adder" 4 21, 5 1 0, S_0x563468dde640;
 .timescale 0 0;
    .port_info 0 /INPUT 1 "a";
    .port_info 1 /INPUT 1 "b";
    .port_info 2 /INPUT 1 "c_in";
    .port_info 3 /OUTPUT 1 "c_out";
    .port_info 4 /OUTPUT 1 "res";
L_0x563468e0aec0 .functor XOR 1, L_0x563468e0a740, L_0x563468e0aae0, C4<0>, C4<0>;
L_0x7f7451820018 .functor BUFT 1, C4<0>, C4<0>, C4<0>, C4<0>;
L_0x563468e0af30 .functor XOR 1, L_0x563468e0aec0, L_0x7f7451820018, C4<0>, C4<0>;
L_0x563468e0aff0 .functor XOR 1, L_0x563468e0a740, L_0x563468e0aae0, C4<0>, C4<0>;
L_0x563468e0b0f0 .functor AND 1, L_0x563468e0aff0, L_0x7f7451820018, C4<1>, C4<1>;
L_0x563468e0b190 .functor AND 1, L_0x563468e0a740, L_0x563468e0aae0, C4<1>, C4<1>;
L_0x563468e0b200 .functor OR 1, L_0x563468e0b0f0, L_0x563468e0b190, C4<0>, C4<0>;
v0x563468dded60_0 .net *"_s0", 0 0, L_0x563468e0aec0;  1 drivers
v0x563468ddf040_0 .net *"_s4", 0 0, L_0x563468e0aff0;  1 drivers
v0x563468ddca80_0 .net *"_s6", 0 0, L_0x563468e0b0f0;  1 drivers
v0x563468dd8100_0 .net *"_s8", 0 0, L_0x563468e0b190;  1 drivers
v0x563468e08520_0 .net "a", 0 0, L_0x563468e0a740;  alias, 1 drivers
v0x563468e08630_0 .net "b", 0 0, L_0x563468e0aae0;  alias, 1 drivers
v0x563468e086f0_0 .net "c_in", 0 0, L_0x7f7451820018;  1 drivers
v0x563468e087b0_0 .net "c_out", 0 0, L_0x563468e0b200;  alias, 1 drivers
v0x563468e08870_0 .net "res", 0 0, L_0x563468e0af30;  1 drivers
S_0x563468e089d0 .scope module, "adder2" "full_adder" 4 31, 5 1 0, S_0x563468dde640;
 .timescale 0 0;
    .port_info 0 /INPUT 1 "a";
    .port_info 1 /INPUT 1 "b";
    .port_info 2 /INPUT 1 "c_in";
    .port_info 3 /OUTPUT 1 "c_out";
    .port_info 4 /OUTPUT 1 "res";
L_0x563468e0b350 .functor XOR 1, L_0x563468e0b200, L_0x563468e0ad60, C4<0>, C4<0>;
L_0x7f7451820060 .functor BUFT 1, C4<0>, C4<0>, C4<0>, C4<0>;
L_0x563468e0b450 .functor XOR 1, L_0x563468e0b350, L_0x7f7451820060, C4<0>, C4<0>;
L_0x563468e0b4c0 .functor XOR 1, L_0x563468e0b200, L_0x563468e0ad60, C4<0>, C4<0>;
L_0x563468e0b5c0 .functor AND 1, L_0x563468e0b4c0, L_0x7f7451820060, C4<1>, C4<1>;
L_0x563468e0b6b0 .functor AND 1, L_0x563468e0b200, L_0x563468e0ad60, C4<1>, C4<1>;
L_0x563468e0b720 .functor OR 1, L_0x563468e0b5c0, L_0x563468e0b6b0, C4<0>, C4<0>;
v0x563468e08b80_0 .net *"_s0", 0 0, L_0x563468e0b350;  1 drivers
v0x563468e08c60_0 .net *"_s4", 0 0, L_0x563468e0b4c0;  1 drivers
v0x563468e08d40_0 .net *"_s6", 0 0, L_0x563468e0b5c0;  1 drivers
v0x563468e08e00_0 .net *"_s8", 0 0, L_0x563468e0b6b0;  1 drivers
v0x563468e08ee0_0 .net "a", 0 0, L_0x563468e0b200;  alias, 1 drivers
v0x563468e08fd0_0 .net "b", 0 0, L_0x563468e0ad60;  alias, 1 drivers
v0x563468e09070_0 .net "c_in", 0 0, L_0x7f7451820060;  1 drivers
v0x563468e09130_0 .net "c_out", 0 0, L_0x563468e0b720;  1 drivers
v0x563468e091f0_0 .net "res", 0 0, L_0x563468e0b450;  1 drivers
    .scope S_0x563468dda2d0;
T_0 ;
    %delay 10, 0;
    %load/vec4 v0x563468e0a060_0;
    %parti/s 1, 0, 2;
    %nor/r;
    %ix/load 4, 0, 0;
    %flag_set/imm 4, 0;
    %store/vec4 v0x563468e0a060_0, 4, 1;
    %jmp T_0;
    .thread T_0;
    .scope S_0x563468dda2d0;
T_1 ;
    %delay 20, 0;
    %load/vec4 v0x563468e0a060_0;
    %parti/s 1, 1, 2;
    %nor/r;
    %ix/load 4, 1, 0;
    %flag_set/imm 4, 0;
    %store/vec4 v0x563468e0a060_0, 4, 1;
    %jmp T_1;
    .thread T_1;
    .scope S_0x563468dda2d0;
T_2 ;
    %delay 40, 0;
    %load/vec4 v0x563468e0a150_0;
    %parti/s 1, 0, 2;
    %nor/r;
    %ix/load 4, 0, 0;
    %flag_set/imm 4, 0;
    %store/vec4 v0x563468e0a150_0, 4, 1;
    %jmp T_2;
    .thread T_2;
    .scope S_0x563468dda2d0;
T_3 ;
    %delay 60, 0;
    %load/vec4 v0x563468e0a150_0;
    %parti/s 1, 1, 2;
    %nor/r;
    %ix/load 4, 1, 0;
    %flag_set/imm 4, 0;
    %store/vec4 v0x563468e0a150_0, 4, 1;
    %jmp T_3;
    .thread T_3;
    .scope S_0x563468dda2d0;
T_4 ;
    %vpi_call/w 3 27 "$dumpfile", "multi.vcd" {0 0 0};
    %vpi_call/w 3 28 "$dumpvars", 32'sb00000000000000000000000000000000, S_0x563468dda2d0 {0 0 0};
    %pushi/vec4 0, 0, 2;
    %store/vec4 v0x563468e0a060_0, 0, 2;
    %pushi/vec4 0, 0, 2;
    %store/vec4 v0x563468e0a150_0, 0, 2;
    %delay 100, 0;
    %vpi_call/w 3 35 "$finish" {0 0 0};
    %end;
    .thread T_4;
# The file index is used to find the file name in the following table.
:file_names 6;
    "N/A";
    "<interactive>";
    "-";
    "multi_tb.v";
    "multi.v";
    "full_adder.v";
