#! /usr/local/bin/vvp
:ivl_version "11.0 (devel)" "(s20150603-737-gdf38460d)";
:ivl_delay_selection "TYPICAL";
:vpi_time_precision - 12;
:vpi_module "system";
:vpi_module "vhdl_sys";
:vpi_module "vhdl_textio";
:vpi_module "v2005_math";
:vpi_module "va_math";
:vpi_module "v2009";
S_0x562b5a8ed930 .scope package, "$unit" "$unit" 2 1;
 .timescale 0 0;
S_0x562b5a8d9d00 .scope module, "div_tb" "div_tb" 3 75;
 .timescale -9 -12;
v0x562b5a906370_0 .var "D", 7 0;
v0x562b5a906450_0 .var "clk", 0 0;
v0x562b5a9064f0_0 .var "d", 7 0;
v0x562b5a906590_0 .net "done", 0 0, v0x562b5a905cd0_0;  1 drivers
v0x562b5a906630_0 .net "q", 7 0, v0x562b5a905d90_0;  1 drivers
v0x562b5a9066d0_0 .net "r", 7 0, v0x562b5a905f30_0;  1 drivers
v0x562b5a9067a0_0 .var "rst", 0 0;
v0x562b5a906870_0 .var "start", 0 0;
E_0x562b5a8e5d40 .event posedge, v0x562b5a905cd0_0;
S_0x562b5a8d9e90 .scope module, "mult0" "div" 3 83, 3 3 0, S_0x562b5a8d9d00;
 .timescale -9 -12;
    .port_info 0 /INPUT 1 "clk";
    .port_info 1 /INPUT 1 "rst";
    .port_info 2 /INPUT 1 "start";
    .port_info 3 /INPUT 8 "D";
    .port_info 4 /INPUT 8 "d";
    .port_info 5 /OUTPUT 8 "q";
    .port_info 6 /OUTPUT 8 "r";
    .port_info 7 /OUTPUT 1 "done";
v0x562b5a8d88e0_0 .net "D", 7 0, v0x562b5a906370_0;  1 drivers
v0x562b5a8d8d50_0 .var "D_reg", 15 0;
v0x562b5a8d9070_0 .net "clk", 0 0, v0x562b5a906450_0;  1 drivers
v0x562b5a8d9730_0 .var "counter", 3 0;
v0x562b5a8d5ba0_0 .net "d", 7 0, v0x562b5a9064f0_0;  1 drivers
v0x562b5a8d6140_0 .var "d_reg", 7 0;
v0x562b5a905cd0_0 .var "done", 0 0;
v0x562b5a905d90_0 .var "q", 7 0;
v0x562b5a905e70_0 .var "q_in", 0 0;
v0x562b5a905f30_0 .var "r", 7 0;
v0x562b5a906010_0 .net "rst", 0 0, v0x562b5a9067a0_0;  1 drivers
v0x562b5a9060d0_0 .net "start", 0 0, v0x562b5a906870_0;  1 drivers
v0x562b5a906190_0 .var "sub", 7 0;
E_0x562b5a8e80a0 .event posedge, v0x562b5a8d9070_0;
E_0x562b5a8d1680 .event edge, v0x562b5a8d8d50_0, v0x562b5a8d6140_0;
    .scope S_0x562b5a8d9e90;
T_0 ;
    %wait E_0x562b5a8e80a0;
    %load/vec4 v0x562b5a906010_0;
    %flag_set/vec4 8;
    %jmp/0xz  T_0.0, 8;
    %pushi/vec4 0, 0, 4;
    %assign/vec4 v0x562b5a8d9730_0, 0;
    %pushi/vec4 0, 0, 1;
    %store/vec4 v0x562b5a905cd0_0, 0, 1;
    %jmp T_0.1;
T_0.0 ;
    %load/vec4 v0x562b5a9060d0_0;
    %flag_set/vec4 8;
    %jmp/0xz  T_0.2, 8;
    %pushi/vec4 0, 0, 4;
    %assign/vec4 v0x562b5a8d9730_0, 0;
    %jmp T_0.3;
T_0.2 ;
    %load/vec4 v0x562b5a8d9730_0;
    %cmpi/e 8, 0, 4;
    %jmp/0xz  T_0.4, 4;
    %pushi/vec4 1, 0, 1;
    %assign/vec4 v0x562b5a905cd0_0, 0;
    %load/vec4 v0x562b5a8d8d50_0;
    %parti/s 8, 0, 2;
    %assign/vec4 v0x562b5a905d90_0, 0;
    %load/vec4 v0x562b5a8d8d50_0;
    %parti/s 8, 8, 5;
    %assign/vec4 v0x562b5a905f30_0, 0;
    %jmp T_0.5;
T_0.4 ;
    %load/vec4 v0x562b5a8d9730_0;
    %cmpi/ne 8, 0, 4;
    %jmp/0xz  T_0.6, 4;
    %load/vec4 v0x562b5a8d9730_0;
    %addi 1, 0, 4;
    %assign/vec4 v0x562b5a8d9730_0, 0;
T_0.6 ;
T_0.5 ;
T_0.3 ;
T_0.1 ;
    %jmp T_0;
    .thread T_0;
    .scope S_0x562b5a8d9e90;
T_1 ;
    %wait E_0x562b5a8e80a0;
    %load/vec4 v0x562b5a906010_0;
    %flag_set/vec4 8;
    %jmp/0xz  T_1.0, 8;
    %pushi/vec4 0, 0, 8;
    %assign/vec4 v0x562b5a8d6140_0, 0;
    %jmp T_1.1;
T_1.0 ;
    %load/vec4 v0x562b5a9060d0_0;
    %flag_set/vec4 8;
    %jmp/0xz  T_1.2, 8;
    %load/vec4 v0x562b5a8d5ba0_0;
    %assign/vec4 v0x562b5a8d6140_0, 0;
T_1.2 ;
T_1.1 ;
    %jmp T_1;
    .thread T_1;
    .scope S_0x562b5a8d9e90;
T_2 ;
    %wait E_0x562b5a8d1680;
    %load/vec4 v0x562b5a8d6140_0;
    %load/vec4 v0x562b5a8d8d50_0;
    %parti/s 8, 7, 4;
    %cmp/u;
    %flag_or 5, 4;
    %jmp/0xz  T_2.0, 5;
    %pushi/vec4 1, 0, 1;
    %store/vec4 v0x562b5a905e70_0, 0, 1;
    %load/vec4 v0x562b5a8d8d50_0;
    %parti/s 8, 7, 4;
    %load/vec4 v0x562b5a8d6140_0;
    %sub;
    %store/vec4 v0x562b5a906190_0, 0, 8;
    %jmp T_2.1;
T_2.0 ;
    %pushi/vec4 0, 0, 1;
    %store/vec4 v0x562b5a905e70_0, 0, 1;
    %load/vec4 v0x562b5a8d8d50_0;
    %parti/s 8, 7, 4;
    %store/vec4 v0x562b5a906190_0, 0, 8;
T_2.1 ;
    %jmp T_2;
    .thread T_2, $push;
    .scope S_0x562b5a8d9e90;
T_3 ;
    %wait E_0x562b5a8e80a0;
    %load/vec4 v0x562b5a906010_0;
    %flag_set/vec4 8;
    %jmp/0xz  T_3.0, 8;
    %pushi/vec4 0, 0, 16;
    %assign/vec4 v0x562b5a8d8d50_0, 0;
    %jmp T_3.1;
T_3.0 ;
    %load/vec4 v0x562b5a9060d0_0;
    %flag_set/vec4 8;
    %jmp/0xz  T_3.2, 8;
    %pushi/vec4 0, 0, 8;
    %load/vec4 v0x562b5a8d88e0_0;
    %concat/vec4; draw_concat_vec4
    %assign/vec4 v0x562b5a8d8d50_0, 0;
    %jmp T_3.3;
T_3.2 ;
    %load/vec4 v0x562b5a8d9730_0;
    %cmpi/ne 8, 0, 4;
    %jmp/0xz  T_3.4, 4;
    %load/vec4 v0x562b5a906190_0;
    %load/vec4 v0x562b5a8d8d50_0;
    %parti/s 7, 0, 2;
    %concat/vec4; draw_concat_vec4
    %load/vec4 v0x562b5a905e70_0;
    %concat/vec4; draw_concat_vec4
    %assign/vec4 v0x562b5a8d8d50_0, 0;
T_3.4 ;
T_3.3 ;
T_3.1 ;
    %jmp T_3;
    .thread T_3;
    .scope S_0x562b5a8d9d00;
T_4 ;
    %vpi_call/w 3 97 "$dumpfile", "dump.vcd" {0 0 0};
    %vpi_call/w 3 98 "$dumpvars" {0 0 0};
    %pushi/vec4 1, 0, 1;
    %store/vec4 v0x562b5a9067a0_0, 0, 1;
    %pushi/vec4 1, 0, 1;
    %store/vec4 v0x562b5a906450_0, 0, 1;
    %pushi/vec4 0, 0, 1;
    %store/vec4 v0x562b5a906870_0, 0, 1;
    %pushi/vec4 5, 0, 8;
    %store/vec4 v0x562b5a906370_0, 0, 8;
    %pushi/vec4 2, 0, 8;
    %store/vec4 v0x562b5a9064f0_0, 0, 8;
    %wait E_0x562b5a8e80a0;
    %delay 1000, 0;
    %pushi/vec4 0, 0, 1;
    %store/vec4 v0x562b5a9067a0_0, 0, 1;
    %delay 5000, 0;
    %wait E_0x562b5a8e80a0;
    %delay 1000, 0;
    %pushi/vec4 1, 0, 1;
    %store/vec4 v0x562b5a906870_0, 0, 1;
    %wait E_0x562b5a8e80a0;
    %delay 1000, 0;
    %pushi/vec4 0, 0, 1;
    %store/vec4 v0x562b5a906870_0, 0, 1;
    %wait E_0x562b5a8e5d40;
    %vpi_call/w 3 112 "$display", "%d\012%d", v0x562b5a906630_0, v0x562b5a9066d0_0 {0 0 0};
    %wait E_0x562b5a8e80a0;
    %vpi_call/w 3 114 "$finish" {0 0 0};
    %end;
    .thread T_4;
    .scope S_0x562b5a8d9d00;
T_5 ;
    %delay 10000, 0;
    %load/vec4 v0x562b5a906450_0;
    %inv;
    %store/vec4 v0x562b5a906450_0, 0, 1;
    %jmp T_5;
    .thread T_5;
# The file index is used to find the file name in the following table.
:file_names 4;
    "N/A";
    "<interactive>";
    "-";
    "div.v";
